2014-10-09 13:51:56,594 INFO  [org.jboss.modules] (main) JBoss Modules version 1.3.3.Final
2014-10-09 13:51:56,817 INFO  [org.jboss.msc] (main) JBoss MSC version 1.2.2.Final
2014-10-09 13:51:56,886 INFO  [org.jboss.as] (MSC service thread 1-8) JBAS015899: WildFly 8.1.0.Final "Kenny" starting
2014-10-09 13:51:56,893 DEBUG [org.jboss.as.config] (MSC service thread 1-8) Configured system properties:
	[Standalone] = 
	awt.toolkit = sun.awt.X11.XToolkit
	file.encoding = ANSI_X3.4-1968
	file.encoding.pkg = sun.io
	file.separator = /
	java.awt.graphicsenv = sun.awt.X11GraphicsEnvironment
	java.awt.headless = true
	java.awt.printerjob = sun.print.PSPrinterJob
	java.class.path = /opt/wildfly/jboss-modules.jar
	java.class.version = 51.0
	java.endorsed.dirs = /usr/lib/jvm/java-1.7.0-openjdk-1.7.0.65-2.5.2.5.fc20.x86_64/jre/lib/endorsed
	java.ext.dirs = /usr/lib/jvm/java-1.7.0-openjdk-1.7.0.65-2.5.2.5.fc20.x86_64/jre/lib/ext:/usr/java/packages/lib/ext
	java.home = /usr/lib/jvm/java-1.7.0-openjdk-1.7.0.65-2.5.2.5.fc20.x86_64/jre
	java.io.tmpdir = /tmp
	java.library.path = /usr/java/packages/lib/amd64:/usr/lib64:/lib64:/lib:/usr/lib
	java.net.preferIPv4Stack = true
	java.runtime.name = OpenJDK Runtime Environment
	java.runtime.version = 1.7.0_65-mockbuild_2014_09_11_13_40-b00
	java.specification.name = Java Platform API Specification
	java.specification.vendor = Oracle Corporation
	java.specification.version = 1.7
	java.util.logging.manager = org.jboss.logmanager.LogManager
	java.vendor = Oracle Corporation
	java.vendor.url = http://java.oracle.com/
	java.vendor.url.bug = http://bugreport.sun.com/bugreport/
	java.version = 1.7.0_65
	java.vm.info = mixed mode
	java.vm.name = OpenJDK 64-Bit Server VM
	java.vm.specification.name = Java Virtual Machine Specification
	java.vm.specification.vendor = Oracle Corporation
	java.vm.specification.version = 1.7
	java.vm.vendor = Oracle Corporation
	java.vm.version = 24.65-b04
	javax.management.builder.initial = org.jboss.as.jmx.PluggableMBeanServerBuilder
	javax.xml.datatype.DatatypeFactory = __redirected.__DatatypeFactory
	javax.xml.parsers.DocumentBuilderFactory = __redirected.__DocumentBuilderFactory
	javax.xml.parsers.SAXParserFactory = __redirected.__SAXParserFactory
	javax.xml.stream.XMLEventFactory = __redirected.__XMLEventFactory
	javax.xml.stream.XMLInputFactory = __redirected.__XMLInputFactory
	javax.xml.stream.XMLOutputFactory = __redirected.__XMLOutputFactory
	javax.xml.transform.TransformerFactory = __redirected.__TransformerFactory
	javax.xml.validation.SchemaFactory:http://www.w3.org/2001/XMLSchema = __redirected.__SchemaFactory
	javax.xml.xpath.XPathFactory:http://java.sun.com/jaxp/xpath/dom = __redirected.__XPathFactory
	jboss.bind.address = 0.0.0.0
	jboss.bind.address.management = 0.0.0.0
	jboss.home.dir = /opt/wildfly
	jboss.host.name = ae0bf03bc6b2
	jboss.modules.dir = /opt/wildfly/modules
	jboss.modules.system.pkgs = org.jboss.byteman
	jboss.node.name = ae0bf03bc6b2
	jboss.qualified.host.name = ae0bf03bc6b2
	jboss.server.base.dir = /opt/wildfly/standalone
	jboss.server.config.dir = /opt/wildfly/standalone/configuration
	jboss.server.data.dir = /opt/wildfly/standalone/data
	jboss.server.deploy.dir = /opt/wildfly/standalone/data/content
	jboss.server.log.dir = /opt/wildfly/standalone/log
	jboss.server.name = ae0bf03bc6b2
	jboss.server.persist.config = true
	jboss.server.temp.dir = /opt/wildfly/standalone/tmp
	line.separator = 

	logging.configuration = file:/opt/wildfly/standalone/configuration/logging.properties
	module.path = /opt/wildfly/modules
	org.jboss.boot.log.file = /opt/wildfly/standalone/log/server.log
	org.jboss.resolver.warning = true
	org.xml.sax.driver = __redirected.__XMLReaderFactory
	os.arch = amd64
	os.name = Linux
	os.version = 3.16.3-200.fc20.x86_64
	path.separator = :
	sun.arch.data.model = 64
	sun.boot.class.path = /usr/lib/jvm/java-1.7.0-openjdk-1.7.0.65-2.5.2.5.fc20.x86_64/jre/lib/resources.jar:/usr/lib/jvm/java-1.7.0-openjdk-1.7.0.65-2.5.2.5.fc20.x86_64/jre/lib/rt.jar:/usr/lib/jvm/java-1.7.0-openjdk-1.7.0.65-2.5.2.5.fc20.x86_64/jre/lib/sunrsasign.jar:/usr/lib/jvm/java-1.7.0-openjdk-1.7.0.65-2.5.2.5.fc20.x86_64/jre/lib/jsse.jar:/usr/lib/jvm/java-1.7.0-openjdk-1.7.0.65-2.5.2.5.fc20.x86_64/jre/lib/jce.jar:/usr/lib/jvm/java-1.7.0-openjdk-1.7.0.65-2.5.2.5.fc20.x86_64/jre/lib/charsets.jar:/usr/lib/jvm/java-1.7.0-openjdk-1.7.0.65-2.5.2.5.fc20.x86_64/jre/lib/rhino.jar:/usr/lib/jvm/java-1.7.0-openjdk-1.7.0.65-2.5.2.5.fc20.x86_64/jre/lib/jfr.jar:/usr/lib/jvm/java-1.7.0-openjdk-1.7.0.65-2.5.2.5.fc20.x86_64/jre/classes
	sun.boot.library.path = /usr/lib/jvm/java-1.7.0-openjdk-1.7.0.65-2.5.2.5.fc20.x86_64/jre/lib/amd64
	sun.cpu.endian = little
	sun.cpu.isalist = 
	sun.io.unicode.encoding = UnicodeLittle
	sun.java.command = /opt/wildfly/jboss-modules.jar -mp /opt/wildfly/modules org.jboss.as.standalone -Djboss.home.dir=/opt/wildfly -Djboss.server.base.dir=/opt/wildfly/standalone -b 0.0.0.0 -bmanagement 0.0.0.0
	sun.java.launcher = SUN_STANDARD
	sun.jnu.encoding = ANSI_X3.4-1968
	sun.management.compiler = HotSpot 64-Bit Tiered Compilers
	sun.os.patch.level = unknown
	user.country = US
	user.dir = /
	user.home = /opt/wildfly
	user.language = en
	user.name = wildfly
	user.timezone = Etc/UTC
2014-10-09 13:51:56,895 DEBUG [org.jboss.as.config] (MSC service thread 1-8) VM Arguments: -D[Standalone] -Xms64m -Xmx512m -XX:MaxPermSize=256m -Djava.net.preferIPv4Stack=true -Djboss.modules.system.pkgs=org.jboss.byteman -Djava.awt.headless=true -Dorg.jboss.boot.log.file=/opt/wildfly/standalone/log/server.log -Dlogging.configuration=file:/opt/wildfly/standalone/configuration/logging.properties 
2014-10-09 13:51:57,876 INFO  [org.jboss.as.server] (Controller Boot Thread) JBAS015888: Creating http management service using socket-binding (management-http)
2014-10-09 13:51:57,891 INFO  [org.xnio] (MSC service thread 1-3) XNIO version 3.2.2.Final
2014-10-09 13:51:57,898 INFO  [org.xnio.nio] (MSC service thread 1-3) XNIO NIO Implementation Version 3.2.2.Final
2014-10-09 13:51:57,933 INFO  [org.jboss.as.clustering.infinispan] (ServerService Thread Pool -- 32) JBAS010280: Activating Infinispan subsystem.
2014-10-09 13:51:57,938 INFO  [org.jboss.as.connector.subsystems.datasources] (ServerService Thread Pool -- 27) JBAS010403: Deploying JDBC-compliant driver class org.h2.Driver (version 1.3)
2014-10-09 13:51:57,947 INFO  [org.wildfly.extension.io] (ServerService Thread Pool -- 31) WFLYIO001: Worker 'default' has auto-configured to 8 core threads with 64 task threads based on your 4 available processors
2014-10-09 13:51:57,963 INFO  [org.jboss.as.jsf] (ServerService Thread Pool -- 38) JBAS012615: Activated the following JSF Implementations: [main]
2014-10-09 13:51:57,967 INFO  [org.jboss.as.naming] (ServerService Thread Pool -- 40) JBAS011800: Activating Naming Subsystem
2014-10-09 13:51:57,973 INFO  [org.jboss.remoting] (MSC service thread 1-3) JBoss Remoting version 4.0.3.Final
2014-10-09 13:51:57,982 INFO  [org.jboss.as.security] (ServerService Thread Pool -- 45) JBAS013171: Activating Security Subsystem
2014-10-09 13:51:57,982 WARN  [org.jboss.as.txn] (ServerService Thread Pool -- 46) JBAS010153: Node identifier property is set to the default value. Please make sure it is unique.
2014-10-09 13:51:57,989 INFO  [org.jboss.as.connector.logging] (MSC service thread 1-1) JBAS010408: Starting JCA Subsystem (IronJacamar 1.1.5.Final)
2014-10-09 13:51:57,997 INFO  [org.jboss.as.security] (MSC service thread 1-4) JBAS013170: Current PicketBox version=4.0.21.Beta1
2014-10-09 13:51:58,011 INFO  [org.jboss.as.connector.deployers.jdbc] (MSC service thread 1-5) JBAS010417: Started Driver service with driver-name = h2
2014-10-09 13:51:58,057 INFO  [org.jboss.as.webservices] (ServerService Thread Pool -- 48) JBAS015537: Activating WebServices Extension
2014-10-09 13:51:58,099 INFO  [org.jboss.as.naming] (MSC service thread 1-7) JBAS011802: Starting Naming Service
2014-10-09 13:51:58,100 INFO  [org.wildfly.extension.undertow] (ServerService Thread Pool -- 47) JBAS017502: Undertow 1.0.15.Final starting
2014-10-09 13:51:58,101 INFO  [org.jboss.as.mail.extension] (MSC service thread 1-7) JBAS015400: Bound mail session [java:jboss/mail/Default]
2014-10-09 13:51:58,101 INFO  [org.wildfly.extension.undertow] (MSC service thread 1-5) JBAS017502: Undertow 1.0.15.Final starting
2014-10-09 13:51:58,306 INFO  [org.wildfly.extension.undertow] (ServerService Thread Pool -- 47) JBAS017527: Creating file handler for path /opt/wildfly/welcome-content
2014-10-09 13:51:58,319 INFO  [org.wildfly.extension.undertow] (MSC service thread 1-7) JBAS017525: Started server default-server.
2014-10-09 13:51:58,346 INFO  [org.wildfly.extension.undertow] (MSC service thread 1-3) JBAS017531: Host default-host starting
2014-10-09 13:51:58,442 INFO  [org.wildfly.extension.undertow] (MSC service thread 1-7) JBAS017519: Undertow HTTP listener default listening on /0.0.0.0:8080
2014-10-09 13:51:58,659 INFO  [org.jboss.as.server.deployment.scanner] (MSC service thread 1-5) JBAS015012: Started FileSystemDeploymentService for directory /opt/wildfly/standalone/deployments
2014-10-09 13:51:58,724 INFO  [org.jboss.as.connector.subsystems.datasources] (MSC service thread 1-8) JBAS010400: Bound data source [java:jboss/datasources/ExampleDS]
2014-10-09 13:51:58,881 INFO  [org.jboss.ws.common.management] (MSC service thread 1-1) JBWS022052: Starting JBoss Web Services - Stack CXF Server 4.2.4.Final
2014-10-09 13:51:59,111 INFO  [org.jboss.as] (Controller Boot Thread) JBAS015961: Http management interface listening on http://0.0.0.0:9990/management
2014-10-09 13:51:59,112 INFO  [org.jboss.as] (Controller Boot Thread) JBAS015951: Admin console listening on http://0.0.0.0:9990
2014-10-09 13:51:59,113 INFO  [org.jboss.as] (Controller Boot Thread) JBAS015874: WildFly 8.1.0.Final "Kenny" started in 2826ms - Started 184 of 233 services (81 services are lazy, passive or on-demand)
2014-10-09 13:52:00,450 INFO  [org.jboss.as.connector.subsystems.datasources] (MSC service thread 1-4) JBAS010409: Unbound data source [java:jboss/datasources/ExampleDS]
2014-10-09 13:52:00,452 INFO  [org.wildfly.extension.undertow] (MSC service thread 1-5) JBAS017532: Host default-host stopping
2014-10-09 13:52:00,461 INFO  [org.jboss.as.connector.deployers.jdbc] (MSC service thread 1-3) JBAS010418: Stopped Driver service with driver-name = h2
2014-10-09 13:52:00,464 INFO  [org.wildfly.extension.undertow] (MSC service thread 1-5) JBAS017521: Undertow HTTP listener default suspending
2014-10-09 13:52:00,465 INFO  [org.wildfly.extension.undertow] (MSC service thread 1-5) JBAS017520: Undertow HTTP listener default stopped, was bound to /0.0.0.0:8080
2014-10-09 13:52:00,467 INFO  [org.wildfly.extension.undertow] (MSC service thread 1-1) JBAS017506: Undertow 1.0.15.Final stopping
2014-10-09 13:52:00,480 INFO  [org.jboss.as] (MSC service thread 1-5) JBAS015950: WildFly 8.1.0.Final "Kenny" stopped in 44ms
